Пн 24 ноя 2025 21:56:21 +12: 🔄 Запуск автоматического обновления системы...
Пн 24 ноя 2025 21:56:21 +12: 1/3: Выполняем apt update...
/home/hacoc/IdeaProjects/configs/auto-update/update.sh: строка 46: /tmp/apt-update.log: Отказано в доступе
Пн 24 ноя 2025 21:56:21 +12: ❌ Ошибка при выполнении 'apt update'
Пол:31 http://security.ubuntu.com/ubuntu noble-security/multiverse amd64 Components [208 B]
Пол:32 http://ru.archive.ubuntu.com/ubuntu noble-updates/multiverse amd64 Components [940 B]
Пол:33 http://ru.archive.ubuntu.com/ubuntu noble-backports/main amd64 Components [7 144 B]
Пол:34 http://ru.archive.ubuntu.com/ubuntu noble-backports/restricted amd64 Components [212 B]
Пол:35 http://ru.archive.ubuntu.com/ubuntu noble-backports/universe amd64 Components [10,9 kB]
Пол:36 http://ru.archive.ubuntu.com/ubuntu noble-backports/multiverse amd64 Components [212 B]
Пол:37 https://esm.ubuntu.com/infra/ubuntu noble-infra-updates InRelease [8 213 B]
Пол:38 https://ppa.launchpadcontent.net/kisak/kisak-mesa/ubuntu noble InRelease [24,1 kB]
Пол:39 http://ru.archive.ubuntu.com/ubuntu noble-proposed/main amd64 Components [33,2 kB]
Пол:40 http://ru.archive.ubuntu.com/ubuntu noble-proposed/restricted amd64 Components [212 B]
Пол:41 http://ru.archive.ubuntu.com/ubuntu noble-proposed/universe amd64 Components [73,0 kB]
Пол:42 http://ru.archive.ubuntu.com/ubuntu noble-proposed/multiverse amd64 Components [212 B]
Пол:43 https://ppa.launchpadcontent.net/kisak/kisak-mesa/ubuntu noble/main i386 Packages [10,6 kB]
Пол:44 https://ppa.launchpadcontent.net/kisak/kisak-mesa/ubuntu noble/main amd64 Packages [12,6 kB]
Пол:45 https://ppa.launchpadcontent.net/kisak/kisak-mesa/ubuntu noble/main Translation-en [8 696 B]
Получено 437 kB за 8с (53,3 kB/s)
Чтение списков пакетов…
Построение дерева зависимостей…
Чтение информации о состоянии…
Может быть обновлено 13 пакетов. Запустите «apt list --upgradable» для их показа.
